<?xml version="1.0" encoding="UTF-8"?>
<!-- Generated by org.testng.reporters.JUnitReportReporter -->
<testsuite hostname="Emarson" failures="0" tests="1" name="api.Login" time="12.801" errors="0" timestamp="2025-07-20T16:33:13 IST" skipped="0">
  <testcase classname="api.Login" name="loginSuccess" time="12.801"/>
</testsuite> <!-- api.Login -->
